2023-08-15 14:38:16,101 - INFO - Loading Tickets Dataset
2023-08-15 14:38:17,371 - INFO - Done!
2023-08-15 14:38:17,372 - INFO - Loading Models
2023-08-15 14:38:21,365 - INFO - Done!
2023-08-15 14:38:21,375 - INFO - Evaluating Models
2023-08-15 14:40:07,627 - INFO - Loading Tickets Dataset
2023-08-15 14:40:58,219 - INFO - Loading Tickets Dataset
2023-08-15 14:41:52,330 - INFO - Loading Tickets Dataset
2023-08-15 14:41:53,533 - INFO - Done!
2023-08-15 14:41:53,533 - INFO - Loading Models
2023-08-15 14:41:57,629 - INFO - Done!
2023-08-15 14:41:57,639 - INFO - Evaluating Models
2023-08-15 14:47:05,433 - INFO - Loading Tickets Dataset
2023-08-15 14:47:07,050 - INFO - Done!
2023-08-15 14:47:07,050 - INFO - Loading Models
2023-08-15 14:47:13,250 - INFO - Done!
2023-08-15 14:47:13,267 - INFO - Evaluating Models
2023-08-15 14:50:27,311 - INFO - Loading Tickets Dataset
2023-08-15 14:50:28,870 - INFO - Done!
2023-08-15 14:50:28,870 - INFO - Loading Models
2023-08-15 14:50:30,095 - INFO - Done!
2023-08-15 14:50:30,098 - INFO - Evaluating Models
2023-08-15 14:55:54,657 - INFO - Loading Tickets Dataset
2023-08-15 14:55:55,948 - INFO - Done!
2023-08-15 14:55:55,949 - INFO - Loading Models
2023-08-15 14:55:57,098 - INFO - Done!
2023-08-15 14:55:57,098 - INFO - Evaluating Models
2023-08-15 14:57:12,668 - INFO - Transformer Scores: [0.8775800711743772, 0.8771055753262159, 0.8678215472235405, 0.8770764119601329, 0.8818224964404366]
2023-08-15 14:57:12,668 - INFO - Transformer 10-Fold Cross Validation: 0.8762812204249407
